<?xml version="1.0" encoding="UTF-8"?>
<!-- Generated by org.testng.reporters.JUnitXMLReporter -->
<testsuite hostname="Pravash" ignored="4" name="Default test" tests="1" failures="0" timestamp="2023-02-20T17:13:51 IST" time="0.172" errors="0">
  <testcase name="@BeforeTest beforetest" time="-1.676893430763E9" classname="testbase.TestBase">
    <failure type="org.testng.TestNGException" message="
Parameter &amp;apos;env&amp;apos; is required by BeforeTest on method beforetest but has not been marked @Optional or defined
in C:\Users\Pravash Behera\AppData\Local\Temp\testng-eclipse-1688633816\testng-customsuite.xml">
      <![CDATA[org.testng.TestNGException: 
Parameter 'env' is required by BeforeTest on method beforetest but has not been marked @Optional or defined
in C:\Users\Pravash Behera\AppData\Local\Temp\testng-eclipse-1688633816\testng-customsuite.xml
at org.testng.internal.Parameters.createParams(Parameters.java:289)
at org.testng.internal.Parameters.createParametersForMethod(Parameters.java:377)
at org.testng.internal.Parameters.createParameters(Parameters.java:721)
at org.testng.internal.Parameters.createConfigurationParameters(Parameters.java:164)
at org.testng.internal.ConfigInvoker.invokeConfigurations(ConfigInvoker.java:275)
at org.testng.TestRunner.invokeTestConfigurations(TestRunner.java:623)
at org.testng.TestRunner.beforeRun(TestRunner.java:613)
at org.testng.TestRunner.run(TestRunner.java:584)
at org.testng.SuiteRunner.runTest(SuiteRunner.java:402)
at org.testng.SuiteRunner.runSequentially(SuiteRunner.java:396)
at org.testng.SuiteRunner.privateRun(SuiteRunner.java:355)
at org.testng.SuiteRunner.run(SuiteRunner.java:304)
at org.testng.SuiteRunnerWorker.runSuite(SuiteRunnerWorker.java:53)
at org.testng.SuiteRunnerWorker.run(SuiteRunnerWorker.java:96)
at org.testng.TestNG.runSuitesSequentially(TestNG.java:1180)
at org.testng.TestNG.runSuitesLocally(TestNG.java:1102)
at org.testng.TestNG.runSuites(TestNG.java:1032)
at org.testng.TestNG.run(TestNG.java:1000)
at org.testng.remote.AbstractRemoteTestNG.run(AbstractRemoteTestNG.java:115)
at org.testng.remote.RemoteTestNG.initAndRun(RemoteTestNG.java:251)
at org.testng.remote.RemoteTestNG.main(RemoteTestNG.java:77)
]]>
    </failure>
  </testcase> <!-- @BeforeTest beforetest -->
  <testcase name="@BeforeMethod beforemethod" time="-1.676893430875E9" classname="testbase.TestBase">
    <skipped/>
  </testcase> <!-- @BeforeMethod beforemethod -->
  <testcase name="@AfterMethod afterMethod" time="-1.67689343092E9" classname="testbase.TestBase">
    <skipped/>
  </testcase> <!-- @AfterMethod afterMethod -->
  <testcase name="loginTest" time="0.0" classname="testCase.LoginTest">
    <skipped/>
  </testcase> <!-- loginTest -->
  <testcase name="InvalidLogin" time="0.0" classname="testCase.LoginTest">
    <ignored/>
  </testcase> <!-- InvalidLogin -->
  <testcase name="navigateResetPasswordPage" time="0.0" classname="testCase.LoginTest">
    <ignored/>
  </testcase> <!-- navigateResetPasswordPage -->
  <testcase name="redirectToResetPasswordPageLinkPresent" time="0.0" classname="testCase.LoginTest">
    <ignored/>
  </testcase> <!-- redirectToResetPasswordPageLinkPresent -->
  <testcase name="cancelButton" time="0.0" classname="testCase.LoginTest">
    <ignored/>
  </testcase> <!-- cancelButton -->
</testsuite> <!-- Default test -->
